[2023-12-19 19:36:24 +0530] [1182] [INFO] Starting gunicorn 21.2.0
[2023-12-19 19:36:24 +0530] [1182] [INFO] Listening at: http://0.0.0.0:5008 (1182)
[2023-12-19 19:36:24 +0530] [1182] [INFO] Using worker: geventwebsocket.gunicorn.workers.GeventWebSocketWorker
[2023-12-19 19:36:24 +0530] [1187] [INFO] Booting worker with pid: 1187
[2023-12-19 19:36:24 +0530] [1189] [INFO] Starting gunicorn 21.2.0
[2023-12-19 19:36:24 +0530] [1187] [ERROR] Exception in worker process
Traceback (most recent call last):
  File "/www/wwwroot/supermoda.fluttertrends.com/25e2e99ec51d984023ce65d4e364c1dd_venv/lib/python3.10/site-packages/gunicorn/arbiter.py", line 609, in spawn_worker
    worker.init_process()
  File "/www/wwwroot/supermoda.fluttertrends.com/25e2e99ec51d984023ce65d4e364c1dd_venv/lib/python3.10/site-packages/gunicorn/workers/ggevent.py", line 147, in init_process
    super().init_process()
  File "/www/wwwroot/supermoda.fluttertrends.com/25e2e99ec51d984023ce65d4e364c1dd_venv/lib/python3.10/site-packages/gunicorn/workers/base.py", line 134, in init_process
    self.load_wsgi()
  File "/www/wwwroot/supermoda.fluttertrends.com/25e2e99ec51d984023ce65d4e364c1dd_venv/lib/python3.10/site-packages/gunicorn/workers/base.py", line 146, in load_wsgi
    self.wsgi = self.app.wsgi()
  File "/www/wwwroot/supermoda.fluttertrends.com/25e2e99ec51d984023ce65d4e364c1dd_venv/lib/python3.10/site-packages/gunicorn/app/base.py", line 67, in wsgi
    self.callable = self.load()
  File "/www/wwwroot/supermoda.fluttertrends.com/25e2e99ec51d984023ce65d4e364c1dd_venv/lib/python3.10/site-packages/gunicorn/app/wsgiapp.py", line 58, in load
    return self.load_wsgiapp()
  File "/www/wwwroot/supermoda.fluttertrends.com/25e2e99ec51d984023ce65d4e364c1dd_venv/lib/python3.10/site-packages/gunicorn/app/wsgiapp.py", line 48, in load_wsgiapp
    return util.import_app(self.app_uri)
  File "/www/wwwroot/supermoda.fluttertrends.com/25e2e99ec51d984023ce65d4e364c1dd_venv/lib/python3.10/site-packages/gunicorn/util.py", line 371, in import_app
    mod = importlib.import_module(module)
  File "/www/wwwroot/supermoda.fluttertrends.com/25e2e99ec51d984023ce65d4e364c1dd_venv/lib/python3.10/importlib/__init__.py", line 126, in import_module
    return _bootstrap._gcd_import(name[level:], package, level)
  File "<frozen importlib._bootstrap>", line 1050, in _gcd_import
  File "<frozen importlib._bootstrap>", line 1027, in _find_and_load
  File "<frozen importlib._bootstrap>", line 1006, in _find_and_load_unlocked
  File "<frozen importlib._bootstrap>", line 688, in _load_unlocked
  File "<frozen importlib._bootstrap_external>", line 883, in exec_module
  File "<frozen importlib._bootstrap>", line 241, in _call_with_frames_removed
  File "/www/wwwroot/supermoda.fluttertrends.com/website/wsgi.py", line 16, in <module>
    application = get_wsgi_application()
  File "/www/wwwroot/supermoda.fluttertrends.com/25e2e99ec51d984023ce65d4e364c1dd_venv/lib/python3.10/site-packages/django/core/wsgi.py", line 13, in get_wsgi_application
    return WSGIHandler()
  File "/www/wwwroot/supermoda.fluttertrends.com/25e2e99ec51d984023ce65d4e364c1dd_venv/lib/python3.10/site-packages/django/core/handlers/wsgi.py", line 125, in __init__
    self.load_middleware()
  File "/www/wwwroot/supermoda.fluttertrends.com/25e2e99ec51d984023ce65d4e364c1dd_venv/lib/python3.10/site-packages/django/core/handlers/base.py", line 40, in load_middleware
    middleware = import_string(middleware_path)
  File "/www/wwwroot/supermoda.fluttertrends.com/25e2e99ec51d984023ce65d4e364c1dd_venv/lib/python3.10/site-packages/django/utils/module_loading.py", line 30, in import_string
    return cached_import(module_path, class_name)
  File "/www/wwwroot/supermoda.fluttertrends.com/25e2e99ec51d984023ce65d4e364c1dd_venv/lib/python3.10/site-packages/django/utils/module_loading.py", line 15, in cached_import
    module = import_module(module_path)
  File "/www/wwwroot/supermoda.fluttertrends.com/25e2e99ec51d984023ce65d4e364c1dd_venv/lib/python3.10/importlib/__init__.py", line 126, in import_module
    return _bootstrap._gcd_import(name[level:], package, level)
  File "<frozen importlib._bootstrap>", line 1050, in _gcd_import
  File "<frozen importlib._bootstrap>", line 1027, in _find_and_load
  File "<frozen importlib._bootstrap>", line 992, in _find_and_load_unlocked
  File "<frozen importlib._bootstrap>", line 241, in _call_with_frames_removed
  File "<frozen importlib._bootstrap>", line 1050, in _gcd_import
  File "<frozen importlib._bootstrap>", line 1027, in _find_and_load
  File "<frozen importlib._bootstrap>", line 1004, in _find_and_load_unlocked
ModuleNotFoundError: No module named 'whitenoise'
[2023-12-19 19:36:24 +0530] [1187] [INFO] Worker exiting (pid: 1187)
[2023-12-19 19:36:25 +0530] [1182] [ERROR] Worker (pid:1187) exited with code 3
[2023-12-19 19:36:25 +0530] [1182] [ERROR] Shutting down: Master
[2023-12-19 19:36:25 +0530] [1182] [ERROR] Reason: Worker failed to boot.
[2023-12-19 19:40:14 +0530] [2481] [INFO] Starting gunicorn 21.2.0
[2023-12-19 19:40:14 +0530] [2481] [INFO] Listening at: http://0.0.0.0:5008 (2481)
[2023-12-19 19:40:14 +0530] [2481] [INFO] Using worker: geventwebsocket.gunicorn.workers.GeventWebSocketWorker
[2023-12-19 19:40:14 +0530] [2484] [INFO] Booting worker with pid: 2484
[2023-12-19 19:40:14 +0530] [2491] [INFO] Starting gunicorn 21.2.0
[2023-12-19 19:45:39 +0530] [3357] [INFO] Starting gunicorn 21.2.0
[2023-12-19 19:45:39 +0530] [3357] [INFO] Listening at: http://0.0.0.0:5008 (3357)
[2023-12-19 19:45:39 +0530] [3357] [INFO] Using worker: geventwebsocket.gunicorn.workers.GeventWebSocketWorker
[2023-12-19 19:45:39 +0530] [3362] [INFO] Booting worker with pid: 3362
[2023-12-19 19:45:39 +0530] [3364] [INFO] Starting gunicorn 21.2.0
[2023-12-19 19:48:01 +0530] [3882] [INFO] Starting gunicorn 21.2.0
[2023-12-19 19:48:01 +0530] [3882] [INFO] Listening at: http://0.0.0.0:5008 (3882)
[2023-12-19 19:48:01 +0530] [3882] [INFO] Using worker: geventwebsocket.gunicorn.workers.GeventWebSocketWorker
[2023-12-19 19:48:01 +0530] [3887] [INFO] Booting worker with pid: 3887
[2023-12-19 19:48:01 +0530] [3889] [INFO] Starting gunicorn 21.2.0
[2023-12-20 10:50:00 +0530] [9566] [INFO] Starting gunicorn 21.2.0
[2023-12-20 10:50:00 +0530] [9569] [INFO] Starting gunicorn 21.2.0
[2023-12-20 10:50:00 +0530] [9569] [INFO] Listening at: http://0.0.0.0:5008 (9569)
[2023-12-20 10:50:00 +0530] [9569] [INFO] Using worker: geventwebsocket.gunicorn.workers.GeventWebSocketWorker
[2023-12-20 10:50:00 +0530] [9572] [INFO] Booting worker with pid: 9572
[2023-12-20 10:50:00 +0530] [9566] [ERROR] Connection in use: ('0.0.0.0', 5008)
[2023-12-20 10:50:00 +0530] [9566] [ERROR] Retrying in 1 second.
[2023-12-20 10:50:01 +0530] [9566] [ERROR] Connection in use: ('0.0.0.0', 5008)
[2023-12-20 10:50:01 +0530] [9566] [ERROR] Retrying in 1 second.
[2023-12-20 10:50:02 +0530] [9566] [ERROR] Connection in use: ('0.0.0.0', 5008)
[2023-12-20 10:50:02 +0530] [9566] [ERROR] Retrying in 1 second.
[2023-12-20 10:50:03 +0530] [9566] [ERROR] Connection in use: ('0.0.0.0', 5008)
[2023-12-20 10:50:03 +0530] [9566] [ERROR] Retrying in 1 second.
[2023-12-20 10:50:04 +0530] [9566] [ERROR] Connection in use: ('0.0.0.0', 5008)
[2023-12-20 10:50:04 +0530] [9566] [ERROR] Retrying in 1 second.
[2023-12-20 10:50:05 +0530] [9566] [ERROR] Can't connect to ('0.0.0.0', 5008)
[2023-12-20 10:53:19 +0530] [10172] [INFO] Starting gunicorn 21.2.0
[2023-12-20 10:53:19 +0530] [10172] [INFO] Listening at: http://0.0.0.0:5008 (10172)
[2023-12-20 10:53:19 +0530] [10172] [INFO] Using worker: geventwebsocket.gunicorn.workers.GeventWebSocketWorker
[2023-12-20 10:53:19 +0530] [10176] [INFO] Booting worker with pid: 10176
[2023-12-20 10:53:19 +0530] [10178] [INFO] Starting gunicorn 21.2.0
[2023-12-20 10:54:22 +0530] [10564] [INFO] Starting gunicorn 21.2.0
[2023-12-20 10:54:22 +0530] [10564] [INFO] Listening at: http://0.0.0.0:5008 (10564)
[2023-12-20 10:54:22 +0530] [10564] [INFO] Using worker: geventwebsocket.gunicorn.workers.GeventWebSocketWorker
[2023-12-20 10:54:22 +0530] [10559] [INFO] Starting gunicorn 21.2.0
[2023-12-20 10:54:22 +0530] [10569] [INFO] Booting worker with pid: 10569
[2023-12-20 10:58:05 +0530] [11205] [INFO] Starting gunicorn 21.2.0
[2023-12-20 10:58:05 +0530] [11205] [INFO] Listening at: http://0.0.0.0:5008 (11205)
[2023-12-20 10:58:05 +0530] [11205] [INFO] Using worker: geventwebsocket.gunicorn.workers.GeventWebSocketWorker
[2023-12-20 10:58:05 +0530] [11211] [INFO] Booting worker with pid: 11211
[2023-12-20 10:58:06 +0530] [11213] [INFO] Starting gunicorn 21.2.0
[2023-12-20 10:59:29 +0530] [11602] [INFO] Starting gunicorn 21.2.0
[2023-12-20 10:59:29 +0530] [11602] [INFO] Listening at: http://0.0.0.0:5008 (11602)
[2023-12-20 10:59:29 +0530] [11602] [INFO] Using worker: geventwebsocket.gunicorn.workers.GeventWebSocketWorker
[2023-12-20 10:59:29 +0530] [11608] [INFO] Booting worker with pid: 11608
[2023-12-20 10:59:30 +0530] [11610] [INFO] Starting gunicorn 21.2.0
[2023-12-20 11:01:17 +0530] [12047] [INFO] Starting gunicorn 21.2.0
[2023-12-20 11:01:17 +0530] [12047] [INFO] Listening at: http://0.0.0.0:5008 (12047)
[2023-12-20 11:01:17 +0530] [12047] [INFO] Using worker: geventwebsocket.gunicorn.workers.GeventWebSocketWorker
[2023-12-20 11:01:17 +0530] [12052] [INFO] Booting worker with pid: 12052
[2023-12-20 11:01:17 +0530] [12054] [INFO] Starting gunicorn 21.2.0
[2023-12-20 11:04:47 +0530] [12749] [INFO] Starting gunicorn 21.2.0
[2023-12-20 11:04:47 +0530] [12749] [INFO] Listening at: http://0.0.0.0:5008 (12749)
[2023-12-20 11:04:47 +0530] [12749] [INFO] Using worker: geventwebsocket.gunicorn.workers.GeventWebSocketWorker
[2023-12-20 11:04:47 +0530] [12756] [INFO] Booting worker with pid: 12756
[2023-12-20 11:04:47 +0530] [12753] [INFO] Starting gunicorn 21.2.0
[2023-12-29 16:52:17 +0530] [12749] [CRITICAL] WORKER TIMEOUT (pid:12756)
[2023-12-29 16:55:26 +0530] [12756] [INFO] Worker exiting (pid: 12756)
[2023-12-29 16:55:27 +0530] [12749] [ERROR] Worker (pid:12756) was sent SIGKILL! Perhaps out of memory?
[2023-12-29 16:55:27 +0530] [26030] [INFO] Booting worker with pid: 26030
[2024-01-11 23:57:29 +0530] [12749] [CRITICAL] WORKER TIMEOUT (pid:26030)
[2024-01-11 23:57:29 +0530] [26030] [INFO] Worker exiting (pid: 26030)
[2024-01-11 23:57:30 +0530] [12749] [ERROR] Worker (pid:26030) exited with code 1
[2024-01-11 23:57:30 +0530] [12749] [ERROR] Worker (pid:26030) exited with code 1.
[2024-01-11 23:57:30 +0530] [26230] [INFO] Booting worker with pid: 26230
[2024-01-11 23:58:02 +0530] [12749] [CRITICAL] WORKER TIMEOUT (pid:26230)
[2024-01-11 23:58:02 +0530] [26230] [INFO] Worker exiting (pid: 26230)
[2024-01-11 23:58:03 +0530] [12749] [ERROR] Worker (pid:26230) was sent SIGKILL! Perhaps out of memory?
[2024-01-11 23:58:03 +0530] [26264] [INFO] Booting worker with pid: 26264
[2024-01-16 22:06:33 +0530] [12749] [CRITICAL] WORKER TIMEOUT (pid:26264)
[2024-01-16 22:06:33 +0530] [26264] [INFO] Worker exiting (pid: 26264)
[2024-01-16 22:06:34 +0530] [12749] [ERROR] Worker (pid:26264) was sent SIGKILL! Perhaps out of memory?
[2024-01-16 22:06:34 +0530] [9917] [INFO] Booting worker with pid: 9917
[2024-01-16 22:07:06 +0530] [12749] [CRITICAL] WORKER TIMEOUT (pid:9917)
[2024-01-16 22:07:06 +0530] [9917] [INFO] Worker exiting (pid: 9917)
[2024-01-16 22:07:07 +0530] [12749] [ERROR] Worker (pid:9917) was sent SIGKILL! Perhaps out of memory?
[2024-01-16 22:07:07 +0530] [9960] [INFO] Booting worker with pid: 9960
[2024-01-30 06:27:37 +0530] [12749] [CRITICAL] WORKER TIMEOUT (pid:9960)
[2024-01-30 06:27:37 +0530] [9960] [INFO] Worker exiting (pid: 9960)
[2024-01-30 06:27:37 +0530] [12749] [ERROR] Worker (pid:9960) exited with code 1
[2024-01-30 06:27:37 +0530] [12749] [ERROR] Worker (pid:9960) exited with code 1.
[2024-01-30 06:27:37 +0530] [15531] [INFO] Booting worker with pid: 15531
[2024-01-30 06:28:08 +0530] [12749] [CRITICAL] WORKER TIMEOUT (pid:15531)
[2024-01-30 06:28:08 +0530] [15531] [INFO] Worker exiting (pid: 15531)
[2024-01-30 06:28:09 +0530] [12749] [ERROR] Worker (pid:15531) was sent SIGKILL! Perhaps out of memory?
[2024-01-30 06:28:09 +0530] [15576] [INFO] Booting worker with pid: 15576
[2024-02-13 01:48:25 +0530] [12749] [CRITICAL] WORKER TIMEOUT (pid:15576)
[2024-02-13 01:48:25 +0530] [15576] [INFO] Worker exiting (pid: 15576)
[2024-02-13 01:48:26 +0530] [12749] [ERROR] Worker (pid:15576) was sent SIGKILL! Perhaps out of memory?
[2024-02-13 01:48:26 +0530] [14686] [INFO] Booting worker with pid: 14686
[2024-02-13 01:48:57 +0530] [12749] [CRITICAL] WORKER TIMEOUT (pid:14686)
[2024-02-13 01:48:57 +0530] [14686] [INFO] Worker exiting (pid: 14686)
[2024-02-13 01:48:58 +0530] [12749] [ERROR] Worker (pid:14686) was sent SIGKILL! Perhaps out of memory?
[2024-02-13 01:48:58 +0530] [14730] [INFO] Booting worker with pid: 14730
[2024-02-24 02:03:34 +0530] [12749] [CRITICAL] WORKER TIMEOUT (pid:14730)
[2024-02-24 02:03:34 +0530] [14730] [INFO] Worker exiting (pid: 14730)
[2024-02-24 02:03:35 +0530] [12749] [ERROR] Worker (pid:14730) was sent SIGKILL! Perhaps out of memory?
[2024-02-24 02:03:35 +0530] [28062] [INFO] Booting worker with pid: 28062
[2024-02-24 02:04:07 +0530] [12749] [CRITICAL] WORKER TIMEOUT (pid:28062)
[2024-02-24 02:04:07 +0530] [28062] [INFO] Worker exiting (pid: 28062)
[2024-02-24 02:04:08 +0530] [12749] [ERROR] Worker (pid:28062) was sent SIGKILL! Perhaps out of memory?
[2024-02-24 02:04:08 +0530] [28097] [INFO] Booting worker with pid: 28097
[2024-03-15 21:09:48 +0530] [12749] [CRITICAL] WORKER TIMEOUT (pid:28097)
[2024-03-15 21:09:49 +0530] [12749] [ERROR] Worker (pid:28097) was sent SIGKILL! Perhaps out of memory?
[2024-03-15 21:09:49 +0530] [24398] [INFO] Booting worker with pid: 24398
[2024-03-17 22:31:39 +0530] [12749] [CRITICAL] WORKER TIMEOUT (pid:24398)
[2024-03-17 22:31:40 +0530] [12749] [ERROR] Worker (pid:24398) was sent SIGKILL! Perhaps out of memory?
[2024-03-17 22:31:40 +0530] [13065] [INFO] Booting worker with pid: 13065
[2024-03-18 15:34:58 +0530] [12749] [CRITICAL] WORKER TIMEOUT (pid:13065)
[2024-03-18 15:34:59 +0530] [12749] [ERROR] Worker (pid:13065) was sent SIGKILL! Perhaps out of memory?
[2024-03-18 15:34:59 +0530] [471] [INFO] Booting worker with pid: 471
[2024-03-19 16:27:43 +0530] [12749] [CRITICAL] WORKER TIMEOUT (pid:471)
[2024-03-19 16:27:44 +0530] [12749] [ERROR] Worker (pid:471) was sent SIGKILL! Perhaps out of memory?
[2024-03-19 16:27:44 +0530] [10705] [INFO] Booting worker with pid: 10705
[2024-03-19 16:42:12 +0530] [12749] [CRITICAL] WORKER TIMEOUT (pid:10705)
[2024-03-19 16:42:13 +0530] [12749] [ERROR] Worker (pid:10705) was sent SIGKILL! Perhaps out of memory?
[2024-03-19 16:42:13 +0530] [11943] [INFO] Booting worker with pid: 11943
[2024-03-19 16:43:46 +0530] [12749] [CRITICAL] WORKER TIMEOUT (pid:11943)
[2024-03-19 16:43:47 +0530] [12749] [ERROR] Worker (pid:11943) was sent SIGKILL! Perhaps out of memory?
[2024-03-19 16:43:47 +0530] [12088] [INFO] Booting worker with pid: 12088
[2024-03-19 16:44:18 +0530] [12749] [CRITICAL] WORKER TIMEOUT (pid:12088)
[2024-03-19 16:44:19 +0530] [12749] [ERROR] Worker (pid:12088) was sent SIGKILL! Perhaps out of memory?
[2024-03-19 16:44:19 +0530] [12135] [INFO] Booting worker with pid: 12135
[2024-03-19 16:44:50 +0530] [12749] [CRITICAL] WORKER TIMEOUT (pid:12135)
[2024-03-19 16:44:51 +0530] [12749] [ERROR] Worker (pid:12135) was sent SIGKILL! Perhaps out of memory?
[2024-03-19 16:44:52 +0530] [12175] [INFO] Booting worker with pid: 12175
[2024-03-19 16:45:23 +0530] [12749] [CRITICAL] WORKER TIMEOUT (pid:12175)
[2024-03-19 16:45:24 +0530] [12749] [ERROR] Worker (pid:12175) was sent SIGKILL! Perhaps out of memory?
[2024-03-19 16:45:24 +0530] [12242] [INFO] Booting worker with pid: 12242
[2024-03-19 16:45:55 +0530] [12749] [CRITICAL] WORKER TIMEOUT (pid:12242)
[2024-03-19 16:45:56 +0530] [12749] [ERROR] Worker (pid:12242) was sent SIGKILL! Perhaps out of memory?
[2024-03-19 16:45:56 +0530] [12282] [INFO] Booting worker with pid: 12282
[2024-03-19 16:46:27 +0530] [12749] [CRITICAL] WORKER TIMEOUT (pid:12282)
[2024-03-19 16:46:28 +0530] [12749] [ERROR] Worker (pid:12282) was sent SIGKILL! Perhaps out of memory?
[2024-03-19 16:46:28 +0530] [12319] [INFO] Booting worker with pid: 12319
[2024-03-19 16:47:21 +0530] [12749] [CRITICAL] WORKER TIMEOUT (pid:12319)
[2024-03-19 16:47:22 +0530] [12749] [ERROR] Worker (pid:12319) was sent SIGKILL! Perhaps out of memory?
[2024-03-19 16:47:22 +0530] [12393] [INFO] Booting worker with pid: 12393
[2024-03-19 17:11:52 +0530] [12749] [CRITICAL] WORKER TIMEOUT (pid:12393)
[2024-03-19 17:11:53 +0530] [12749] [ERROR] Worker (pid:12393) was sent SIGKILL! Perhaps out of memory?
[2024-03-19 17:11:53 +0530] [14391] [INFO] Booting worker with pid: 14391
[2024-03-19 18:04:30 +0530] [12749] [CRITICAL] WORKER TIMEOUT (pid:14391)
[2024-03-19 18:04:31 +0530] [12749] [ERROR] Worker (pid:14391) was sent SIGKILL! Perhaps out of memory?
[2024-03-19 18:04:31 +0530] [18933] [INFO] Booting worker with pid: 18933
[2024-03-19 18:25:49 +0530] [12749] [CRITICAL] WORKER TIMEOUT (pid:18933)
[2024-03-19 18:25:50 +0530] [12749] [ERROR] Worker (pid:18933) was sent SIGKILL! Perhaps out of memory?
[2024-03-19 18:25:50 +0530] [20815] [INFO] Booting worker with pid: 20815
[2024-03-19 18:26:22 +0530] [12749] [CRITICAL] WORKER TIMEOUT (pid:20815)
[2024-03-19 18:26:23 +0530] [12749] [ERROR] Worker (pid:20815) was sent SIGKILL! Perhaps out of memory?
[2024-03-19 18:26:23 +0530] [20874] [INFO] Booting worker with pid: 20874
[2024-03-21 11:05:37 +0530] [12749] [CRITICAL] WORKER TIMEOUT (pid:20874)
[2024-03-21 11:05:38 +0530] [12749] [ERROR] Worker (pid:20874) was sent SIGKILL! Perhaps out of memory?
[2024-03-21 11:05:38 +0530] [10728] [INFO] Booting worker with pid: 10728
[2024-03-21 11:06:10 +0530] [12749] [CRITICAL] WORKER TIMEOUT (pid:10728)
[2024-03-21 11:06:11 +0530] [12749] [ERROR] Worker (pid:10728) was sent SIGKILL! Perhaps out of memory?
[2024-03-21 11:06:11 +0530] [10775] [INFO] Booting worker with pid: 10775
[2024-03-21 11:06:42 +0530] [12749] [CRITICAL] WORKER TIMEOUT (pid:10775)
[2024-03-21 11:06:43 +0530] [12749] [ERROR] Worker (pid:10775) was sent SIGKILL! Perhaps out of memory?
[2024-03-21 11:06:43 +0530] [10815] [INFO] Booting worker with pid: 10815
[2024-03-21 11:07:14 +0530] [12749] [CRITICAL] WORKER TIMEOUT (pid:10815)
[2024-03-21 11:07:15 +0530] [12749] [ERROR] Worker (pid:10815) was sent SIGKILL! Perhaps out of memory?
[2024-03-21 11:07:15 +0530] [10879] [INFO] Booting worker with pid: 10879
[2024-03-21 11:12:09 +0530] [12749] [CRITICAL] WORKER TIMEOUT (pid:10879)
[2024-03-21 11:12:10 +0530] [12749] [ERROR] Worker (pid:10879) was sent SIGKILL! Perhaps out of memory?
[2024-03-21 11:12:10 +0530] [11520] [INFO] Booting worker with pid: 11520
[2024-03-21 11:12:42 +0530] [12749] [CRITICAL] WORKER TIMEOUT (pid:11520)
[2024-03-21 11:12:43 +0530] [12749] [ERROR] Worker (pid:11520) was sent SIGKILL! Perhaps out of memory?
[2024-03-21 11:12:43 +0530] [11567] [INFO] Booting worker with pid: 11567
[2024-03-21 11:13:14 +0530] [12749] [CRITICAL] WORKER TIMEOUT (pid:11567)
[2024-03-21 11:13:15 +0530] [12749] [ERROR] Worker (pid:11567) was sent SIGKILL! Perhaps out of memory?
[2024-03-21 11:13:15 +0530] [11629] [INFO] Booting worker with pid: 11629
[2024-04-05 18:14:16 +0530] [12749] [CRITICAL] WORKER TIMEOUT (pid:11629)
[2024-04-05 18:14:16 +0530] [11629] [INFO] Worker exiting (pid: 11629)
[2024-04-05 18:14:17 +0530] [12749] [ERROR] Worker (pid:11629) was sent SIGKILL! Perhaps out of memory?
[2024-04-05 18:14:17 +0530] [2028] [INFO] Booting worker with pid: 2028
[2024-04-06 02:35:32 +0530] [12749] [CRITICAL] WORKER TIMEOUT (pid:2028)
[2024-04-06 02:35:32 +0530] [2028] [INFO] Worker exiting (pid: 2028)
[2024-04-06 02:35:33 +0530] [12749] [ERROR] Worker (pid:2028) was sent SIGKILL! Perhaps out of memory?
[2024-04-06 02:35:33 +0530] [12810] [INFO] Booting worker with pid: 12810
[2024-04-17 17:31:12 +0530] [12749] [CRITICAL] WORKER TIMEOUT (pid:12810)
[2024-04-17 17:33:02 +0530] [12810] [INFO] Worker exiting (pid: 12810)
[2024-04-17 17:33:45 +0530] [12749] [ERROR] Worker (pid:12810) was sent SIGKILL! Perhaps out of memory?
[2024-04-17 17:33:45 +0530] [4493] [INFO] Booting worker with pid: 4493
[2024-04-17 17:50:32 +0530] [12749] [CRITICAL] WORKER TIMEOUT (pid:4493)
[2024-04-17 17:50:54 +0530] [4493] [INFO] Worker exiting (pid: 4493)
[2024-04-17 17:51:02 +0530] [12749] [ERROR] Worker (pid:4493) exited with code 1
[2024-04-17 17:51:02 +0530] [12749] [ERROR] Worker (pid:4493) exited with code 1.
[2024-04-17 17:51:02 +0530] [5125] [INFO] Booting worker with pid: 5125
[2024-05-11 04:34:39 +0530] [3885] [INFO] Starting gunicorn 21.2.0
[2024-05-11 04:34:39 +0530] [3885] [INFO] Listening at: http://0.0.0.0:5008 (3885)
[2024-05-11 04:34:39 +0530] [3885] [INFO] Using worker: geventwebsocket.gunicorn.workers.GeventWebSocketWorker
[2024-05-11 04:34:39 +0530] [3888] [INFO] Booting worker with pid: 3888
[2024-05-24 07:12:12 +0530] [3885] [CRITICAL] WORKER TIMEOUT (pid:3888)
[2024-05-24 07:12:12 +0530] [3888] [INFO] Worker exiting (pid: 3888)
[2024-05-24 07:12:12 +0530] [3885] [ERROR] Worker (pid:3888) exited with code 1
[2024-05-24 07:12:12 +0530] [3885] [ERROR] Worker (pid:3888) exited with code 1.
[2024-05-24 07:12:12 +0530] [26085] [INFO] Booting worker with pid: 26085
[2024-05-24 07:12:44 +0530] [3885] [CRITICAL] WORKER TIMEOUT (pid:26085)
[2024-05-24 07:12:44 +0530] [26085] [INFO] Worker exiting (pid: 26085)
[2024-05-24 07:12:45 +0530] [3885] [ERROR] Worker (pid:26085) was sent SIGKILL! Perhaps out of memory?
[2024-05-24 07:12:45 +0530] [26148] [INFO] Booting worker with pid: 26148
[2024-05-26 13:42:01 +0530] [3885] [CRITICAL] WORKER TIMEOUT (pid:26148)
[2024-05-26 13:42:01 +0530] [26148] [INFO] Worker exiting (pid: 26148)
[2024-05-26 13:42:01 +0530] [3885] [ERROR] Worker (pid:26148) exited with code 1
[2024-05-26 13:42:01 +0530] [3885] [ERROR] Worker (pid:26148) exited with code 1.
[2024-05-26 13:42:01 +0530] [32624] [INFO] Booting worker with pid: 32624
[2024-06-01 11:28:47 +0530] [3885] [CRITICAL] WORKER TIMEOUT (pid:32624)
[2024-06-01 11:28:47 +0530] [32624] [INFO] Worker exiting (pid: 32624)
[2024-06-01 11:28:48 +0530] [3885] [ERROR] Worker (pid:32624) was sent SIGKILL! Perhaps out of memory?
[2024-06-01 11:28:48 +0530] [2419] [INFO] Booting worker with pid: 2419
[2024-06-01 11:29:19 +0530] [3885] [CRITICAL] WORKER TIMEOUT (pid:2419)
[2024-06-01 11:29:19 +0530] [2419] [INFO] Worker exiting (pid: 2419)
[2024-06-01 11:29:20 +0530] [3885] [ERROR] Worker (pid:2419) was sent SIGKILL! Perhaps out of memory?
[2024-06-01 11:29:20 +0530] [2499] [INFO] Booting worker with pid: 2499
[2024-06-04 23:39:43 +0530] [3885] [CRITICAL] WORKER TIMEOUT (pid:2499)
[2024-06-04 23:39:44 +0530] [3885] [ERROR] Worker (pid:2499) was sent SIGKILL! Perhaps out of memory?
[2024-06-04 23:39:44 +0530] [15742] [INFO] Booting worker with pid: 15742
[2024-07-24 23:21:09 +0530] [3885] [CRITICAL] WORKER TIMEOUT (pid:15742)
[2024-07-24 23:21:09 +0530] [15742] [INFO] Worker exiting (pid: 15742)
[2024-07-24 23:21:10 +0530] [3885] [ERROR] Worker (pid:15742) was sent SIGKILL! Perhaps out of memory?
[2024-07-24 23:21:10 +0530] [5856] [INFO] Booting worker with pid: 5856
[2024-07-24 23:21:42 +0530] [3885] [CRITICAL] WORKER TIMEOUT (pid:5856)
[2024-07-24 23:21:42 +0530] [5856] [INFO] Worker exiting (pid: 5856)
[2024-07-24 23:21:43 +0530] [3885] [ERROR] Worker (pid:5856) was sent SIGKILL! Perhaps out of memory?
[2024-07-24 23:21:43 +0530] [5892] [INFO] Booting worker with pid: 5892
[2024-07-27 06:20:18 +0530] [3885] [CRITICAL] WORKER TIMEOUT (pid:5892)
[2024-07-27 06:20:18 +0530] [5892] [INFO] Worker exiting (pid: 5892)
[2024-07-27 06:20:19 +0530] [3885] [ERROR] Worker (pid:5892) was sent SIGKILL! Perhaps out of memory?
[2024-07-27 06:20:19 +0530] [27138] [INFO] Booting worker with pid: 27138
[2024-07-27 06:20:50 +0530] [3885] [CRITICAL] WORKER TIMEOUT (pid:27138)
[2024-07-27 06:20:50 +0530] [27138] [INFO] Worker exiting (pid: 27138)
[2024-07-27 06:20:51 +0530] [3885] [ERROR] Worker (pid:27138) was sent SIGKILL! Perhaps out of memory?
[2024-07-27 06:20:51 +0530] [27180] [INFO] Booting worker with pid: 27180
[2024-08-22 13:45:29 +0530] [3885] [CRITICAL] WORKER TIMEOUT (pid:27180)
[2024-08-22 13:45:29 +0530] [27180] [INFO] Worker exiting (pid: 27180)
[2024-08-22 13:45:30 +0530] [3885] [ERROR] Worker (pid:27180) was sent SIGKILL! Perhaps out of memory?
[2024-08-22 13:45:30 +0530] [16568] [INFO] Booting worker with pid: 16568
[2024-08-22 13:46:01 +0530] [3885] [CRITICAL] WORKER TIMEOUT (pid:16568)
[2024-08-22 13:46:01 +0530] [16568] [INFO] Worker exiting (pid: 16568)
[2024-08-22 13:46:02 +0530] [3885] [ERROR] Worker (pid:16568) was sent SIGKILL! Perhaps out of memory?
[2024-08-22 13:46:02 +0530] [16606] [INFO] Booting worker with pid: 16606
[2024-09-28 11:16:11 +0530] [3885] [CRITICAL] WORKER TIMEOUT (pid:16606)
[2024-09-28 11:16:12 +0530] [3885] [ERROR] Worker (pid:16606) was sent SIGKILL! Perhaps out of memory?
[2024-09-28 11:16:12 +0530] [639] [INFO] Booting worker with pid: 639
[2024-10-01 07:58:51 +0530] [3885] [INFO] Handling signal: term
[2024-10-01 07:59:21 +0530] [3885] [ERROR] Worker (pid:639) was sent SIGKILL! Perhaps out of memory?
[2024-10-01 07:59:21 +0530] [3885] [INFO] Shutting down: Master
[2025-06-26 07:43:41 +0000] [121647] [INFO] Starting gunicorn 23.0.0
[2025-06-26 07:43:41 +0000] [121647] [INFO] Listening at: http://0.0.0.0:9102 (121647)
[2025-06-26 07:43:41 +0000] [121647] [INFO] Using worker: geventwebsocket.gunicorn.workers.GeventWebSocketWorker
[2025-06-26 07:43:41 +0000] [121648] [INFO] Booting worker with pid: 121648
[2025-06-26 07:43:41 +0000] [121648] [ERROR] Exception in worker process
Traceback (most recent call last):
  File "/www/wwwroot/smrealestate.ae/25e2e99ec51d984023ce65d4e364c1dd_venv/lib/python3.10/site-packages/gunicorn/arbiter.py", line 608, in spawn_worker
    worker.init_process()
  File "/www/wwwroot/smrealestate.ae/25e2e99ec51d984023ce65d4e364c1dd_venv/lib/python3.10/site-packages/gunicorn/workers/ggevent.py", line 146, in init_process
    super().init_process()
  File "/www/wwwroot/smrealestate.ae/25e2e99ec51d984023ce65d4e364c1dd_venv/lib/python3.10/site-packages/gunicorn/workers/base.py", line 135, in init_process
    self.load_wsgi()
  File "/www/wwwroot/smrealestate.ae/25e2e99ec51d984023ce65d4e364c1dd_venv/lib/python3.10/site-packages/gunicorn/workers/base.py", line 147, in load_wsgi
    self.wsgi = self.app.wsgi()
  File "/www/wwwroot/smrealestate.ae/25e2e99ec51d984023ce65d4e364c1dd_venv/lib/python3.10/site-packages/gunicorn/app/base.py", line 66, in wsgi
    self.callable = self.load()
  File "/www/wwwroot/smrealestate.ae/25e2e99ec51d984023ce65d4e364c1dd_venv/lib/python3.10/site-packages/gunicorn/app/wsgiapp.py", line 57, in load
    return self.load_wsgiapp()
  File "/www/wwwroot/smrealestate.ae/25e2e99ec51d984023ce65d4e364c1dd_venv/lib/python3.10/site-packages/gunicorn/app/wsgiapp.py", line 47, in load_wsgiapp
    return util.import_app(self.app_uri)
  File "/www/wwwroot/smrealestate.ae/25e2e99ec51d984023ce65d4e364c1dd_venv/lib/python3.10/site-packages/gunicorn/util.py", line 370, in import_app
    mod = importlib.import_module(module)
  File "/www/wwwroot/smrealestate.ae/25e2e99ec51d984023ce65d4e364c1dd_venv/lib/python3.10/importlib/__init__.py", line 126, in import_module
    return _bootstrap._gcd_import(name[level:], package, level)
  File "<frozen importlib._bootstrap>", line 1050, in _gcd_import
  File "<frozen importlib._bootstrap>", line 1027, in _find_and_load
  File "<frozen importlib._bootstrap>", line 992, in _find_and_load_unlocked
  File "<frozen importlib._bootstrap>", line 241, in _call_with_frames_removed
  File "<frozen importlib._bootstrap>", line 1050, in _gcd_import
  File "<frozen importlib._bootstrap>", line 1027, in _find_and_load
  File "<frozen importlib._bootstrap>", line 1004, in _find_and_load_unlocked
ModuleNotFoundError: No module named 'core'
[2025-06-26 07:43:41 +0000] [121648] [INFO] Worker exiting (pid: 121648)
[2025-06-26 07:43:41 +0000] [121647] [ERROR] Worker (pid:121648) exited with code 3
[2025-06-26 07:43:41 +0000] [121647] [ERROR] Shutting down: Master
[2025-06-26 07:43:41 +0000] [121647] [ERROR] Reason: Worker failed to boot.
[2025-06-26 07:43:42 +0000] [121658] [INFO] Starting gunicorn 23.0.0
[2025-06-26 07:43:42 +0000] [121658] [INFO] Listening at: http://0.0.0.0:9102 (121658)
[2025-06-26 07:43:42 +0000] [121658] [INFO] Using worker: geventwebsocket.gunicorn.workers.GeventWebSocketWorker
[2025-06-26 07:43:42 +0000] [121664] [INFO] Booting worker with pid: 121664
[2025-06-26 07:43:42 +0000] [121664] [ERROR] Exception in worker process
Traceback (most recent call last):
  File "/www/wwwroot/smrealestate.ae/25e2e99ec51d984023ce65d4e364c1dd_venv/lib/python3.10/site-packages/gunicorn/arbiter.py", line 608, in spawn_worker
    worker.init_process()
  File "/www/wwwroot/smrealestate.ae/25e2e99ec51d984023ce65d4e364c1dd_venv/lib/python3.10/site-packages/gunicorn/workers/ggevent.py", line 146, in init_process
    super().init_process()
  File "/www/wwwroot/smrealestate.ae/25e2e99ec51d984023ce65d4e364c1dd_venv/lib/python3.10/site-packages/gunicorn/workers/base.py", line 135, in init_process
    self.load_wsgi()
  File "/www/wwwroot/smrealestate.ae/25e2e99ec51d984023ce65d4e364c1dd_venv/lib/python3.10/site-packages/gunicorn/workers/base.py", line 147, in load_wsgi
    self.wsgi = self.app.wsgi()
  File "/www/wwwroot/smrealestate.ae/25e2e99ec51d984023ce65d4e364c1dd_venv/lib/python3.10/site-packages/gunicorn/app/base.py", line 66, in wsgi
    self.callable = self.load()
  File "/www/wwwroot/smrealestate.ae/25e2e99ec51d984023ce65d4e364c1dd_venv/lib/python3.10/site-packages/gunicorn/app/wsgiapp.py", line 57, in load
    return self.load_wsgiapp()
  File "/www/wwwroot/smrealestate.ae/25e2e99ec51d984023ce65d4e364c1dd_venv/lib/python3.10/site-packages/gunicorn/app/wsgiapp.py", line 47, in load_wsgiapp
    return util.import_app(self.app_uri)
  File "/www/wwwroot/smrealestate.ae/25e2e99ec51d984023ce65d4e364c1dd_venv/lib/python3.10/site-packages/gunicorn/util.py", line 370, in import_app
    mod = importlib.import_module(module)
  File "/www/wwwroot/smrealestate.ae/25e2e99ec51d984023ce65d4e364c1dd_venv/lib/python3.10/importlib/__init__.py", line 126, in import_module
    return _bootstrap._gcd_import(name[level:], package, level)
  File "<frozen importlib._bootstrap>", line 1050, in _gcd_import
  File "<frozen importlib._bootstrap>", line 1027, in _find_and_load
  File "<frozen importlib._bootstrap>", line 992, in _find_and_load_unlocked
  File "<frozen importlib._bootstrap>", line 241, in _call_with_frames_removed
  File "<frozen importlib._bootstrap>", line 1050, in _gcd_import
  File "<frozen importlib._bootstrap>", line 1027, in _find_and_load
  File "<frozen importlib._bootstrap>", line 1004, in _find_and_load_unlocked
ModuleNotFoundError: No module named 'core'
[2025-06-26 07:43:42 +0000] [121664] [INFO] Worker exiting (pid: 121664)
[2025-06-26 07:43:42 +0000] [121658] [ERROR] Worker (pid:121664) exited with code 3
[2025-06-26 07:43:42 +0000] [121658] [ERROR] Shutting down: Master
[2025-06-26 07:43:42 +0000] [121658] [ERROR] Reason: Worker failed to boot.
[2025-06-26 07:48:21 +0000] [122380] [INFO] Starting gunicorn 23.0.0
[2025-06-26 07:48:21 +0000] [122380] [INFO] Listening at: http://0.0.0.0:9102 (122380)
[2025-06-26 07:48:21 +0000] [122380] [INFO] Using worker: geventwebsocket.gunicorn.workers.GeventWebSocketWorker
[2025-06-26 07:48:21 +0000] [122383] [INFO] Booting worker with pid: 122383
[2025-06-26 07:48:21 +0000] [122385] [INFO] Starting gunicorn 23.0.0
[2025-06-26 07:48:21 +0000] [122383] [ERROR] Exception in worker process
Traceback (most recent call last):
  File "/www/wwwroot/smrealestate.ae/25e2e99ec51d984023ce65d4e364c1dd_venv/lib/python3.10/site-packages/gunicorn/arbiter.py", line 608, in spawn_worker
    worker.init_process()
  File "/www/wwwroot/smrealestate.ae/25e2e99ec51d984023ce65d4e364c1dd_venv/lib/python3.10/site-packages/gunicorn/workers/ggevent.py", line 146, in init_process
    super().init_process()
  File "/www/wwwroot/smrealestate.ae/25e2e99ec51d984023ce65d4e364c1dd_venv/lib/python3.10/site-packages/gunicorn/workers/base.py", line 135, in init_process
    self.load_wsgi()
  File "/www/wwwroot/smrealestate.ae/25e2e99ec51d984023ce65d4e364c1dd_venv/lib/python3.10/site-packages/gunicorn/workers/base.py", line 147, in load_wsgi
    self.wsgi = self.app.wsgi()
  File "/www/wwwroot/smrealestate.ae/25e2e99ec51d984023ce65d4e364c1dd_venv/lib/python3.10/site-packages/gunicorn/app/base.py", line 66, in wsgi
    self.callable = self.load()
  File "/www/wwwroot/smrealestate.ae/25e2e99ec51d984023ce65d4e364c1dd_venv/lib/python3.10/site-packages/gunicorn/app/wsgiapp.py", line 57, in load
    return self.load_wsgiapp()
  File "/www/wwwroot/smrealestate.ae/25e2e99ec51d984023ce65d4e364c1dd_venv/lib/python3.10/site-packages/gunicorn/app/wsgiapp.py", line 47, in load_wsgiapp
    return util.import_app(self.app_uri)
  File "/www/wwwroot/smrealestate.ae/25e2e99ec51d984023ce65d4e364c1dd_venv/lib/python3.10/site-packages/gunicorn/util.py", line 370, in import_app
    mod = importlib.import_module(module)
  File "/www/wwwroot/smrealestate.ae/25e2e99ec51d984023ce65d4e364c1dd_venv/lib/python3.10/importlib/__init__.py", line 126, in import_module
    return _bootstrap._gcd_import(name[level:], package, level)
  File "<frozen importlib._bootstrap>", line 1050, in _gcd_import
  File "<frozen importlib._bootstrap>", line 1027, in _find_and_load
  File "<frozen importlib._bootstrap>", line 992, in _find_and_load_unlocked
  File "<frozen importlib._bootstrap>", line 241, in _call_with_frames_removed
  File "<frozen importlib._bootstrap>", line 1050, in _gcd_import
  File "<frozen importlib._bootstrap>", line 1027, in _find_and_load
  File "<frozen importlib._bootstrap>", line 1004, in _find_and_load_unlocked
ModuleNotFoundError: No module named 'core'
[2025-06-26 07:48:21 +0000] [122383] [INFO] Worker exiting (pid: 122383)
[2025-06-26 07:48:21 +0000] [122380] [ERROR] Worker (pid:122383) exited with code 3
[2025-06-26 07:48:21 +0000] [122380] [ERROR] Shutting down: Master
[2025-06-26 07:48:21 +0000] [122380] [ERROR] Reason: Worker failed to boot.
[2025-06-26 07:48:22 +0000] [122394] [INFO] Starting gunicorn 23.0.0
[2025-06-26 07:48:22 +0000] [122394] [INFO] Listening at: http://0.0.0.0:9102 (122394)
[2025-06-26 07:48:22 +0000] [122394] [INFO] Using worker: geventwebsocket.gunicorn.workers.GeventWebSocketWorker
[2025-06-26 07:48:22 +0000] [122400] [INFO] Booting worker with pid: 122400
[2025-06-26 07:48:22 +0000] [122400] [ERROR] Exception in worker process
Traceback (most recent call last):
  File "/www/wwwroot/smrealestate.ae/25e2e99ec51d984023ce65d4e364c1dd_venv/lib/python3.10/site-packages/gunicorn/arbiter.py", line 608, in spawn_worker
    worker.init_process()
  File "/www/wwwroot/smrealestate.ae/25e2e99ec51d984023ce65d4e364c1dd_venv/lib/python3.10/site-packages/gunicorn/workers/ggevent.py", line 146, in init_process
    super().init_process()
  File "/www/wwwroot/smrealestate.ae/25e2e99ec51d984023ce65d4e364c1dd_venv/lib/python3.10/site-packages/gunicorn/workers/base.py", line 135, in init_process
    self.load_wsgi()
  File "/www/wwwroot/smrealestate.ae/25e2e99ec51d984023ce65d4e364c1dd_venv/lib/python3.10/site-packages/gunicorn/workers/base.py", line 147, in load_wsgi
    self.wsgi = self.app.wsgi()
  File "/www/wwwroot/smrealestate.ae/25e2e99ec51d984023ce65d4e364c1dd_venv/lib/python3.10/site-packages/gunicorn/app/base.py", line 66, in wsgi
    self.callable = self.load()
  File "/www/wwwroot/smrealestate.ae/25e2e99ec51d984023ce65d4e364c1dd_venv/lib/python3.10/site-packages/gunicorn/app/wsgiapp.py", line 57, in load
    return self.load_wsgiapp()
  File "/www/wwwroot/smrealestate.ae/25e2e99ec51d984023ce65d4e364c1dd_venv/lib/python3.10/site-packages/gunicorn/app/wsgiapp.py", line 47, in load_wsgiapp
    return util.import_app(self.app_uri)
  File "/www/wwwroot/smrealestate.ae/25e2e99ec51d984023ce65d4e364c1dd_venv/lib/python3.10/site-packages/gunicorn/util.py", line 370, in import_app
    mod = importlib.import_module(module)
  File "/www/wwwroot/smrealestate.ae/25e2e99ec51d984023ce65d4e364c1dd_venv/lib/python3.10/importlib/__init__.py", line 126, in import_module
    return _bootstrap._gcd_import(name[level:], package, level)
  File "<frozen importlib._bootstrap>", line 1050, in _gcd_import
  File "<frozen importlib._bootstrap>", line 1027, in _find_and_load
  File "<frozen importlib._bootstrap>", line 992, in _find_and_load_unlocked
  File "<frozen importlib._bootstrap>", line 241, in _call_with_frames_removed
  File "<frozen importlib._bootstrap>", line 1050, in _gcd_import
  File "<frozen importlib._bootstrap>", line 1027, in _find_and_load
  File "<frozen importlib._bootstrap>", line 1004, in _find_and_load_unlocked
ModuleNotFoundError: No module named 'core'
[2025-06-26 07:48:22 +0000] [122400] [INFO] Worker exiting (pid: 122400)
[2025-06-26 07:48:22 +0000] [122394] [ERROR] Worker (pid:122400) exited with code 3
[2025-06-26 07:48:22 +0000] [122394] [ERROR] Shutting down: Master
[2025-06-26 07:48:22 +0000] [122394] [ERROR] Reason: Worker failed to boot.
[2025-06-26 07:50:36 +0000] [122924] [INFO] Starting gunicorn 23.0.0
[2025-06-26 07:50:36 +0000] [122924] [INFO] Listening at: http://0.0.0.0:9102 (122924)
[2025-06-26 07:50:36 +0000] [122924] [INFO] Using worker: geventwebsocket.gunicorn.workers.GeventWebSocketWorker
[2025-06-26 07:50:36 +0000] [122927] [INFO] Booting worker with pid: 122927
[2025-06-26 07:50:36 +0000] [122929] [INFO] Starting gunicorn 23.0.0
[2025-06-26 07:50:36 +0000] [122927] [ERROR] Exception in worker process
Traceback (most recent call last):
  File "/www/wwwroot/smrealestate.ae/25e2e99ec51d984023ce65d4e364c1dd_venv/lib/python3.10/site-packages/gunicorn/arbiter.py", line 608, in spawn_worker
    worker.init_process()
  File "/www/wwwroot/smrealestate.ae/25e2e99ec51d984023ce65d4e364c1dd_venv/lib/python3.10/site-packages/gunicorn/workers/ggevent.py", line 146, in init_process
    super().init_process()
  File "/www/wwwroot/smrealestate.ae/25e2e99ec51d984023ce65d4e364c1dd_venv/lib/python3.10/site-packages/gunicorn/workers/base.py", line 135, in init_process
    self.load_wsgi()
  File "/www/wwwroot/smrealestate.ae/25e2e99ec51d984023ce65d4e364c1dd_venv/lib/python3.10/site-packages/gunicorn/workers/base.py", line 147, in load_wsgi
    self.wsgi = self.app.wsgi()
  File "/www/wwwroot/smrealestate.ae/25e2e99ec51d984023ce65d4e364c1dd_venv/lib/python3.10/site-packages/gunicorn/app/base.py", line 66, in wsgi
    self.callable = self.load()
  File "/www/wwwroot/smrealestate.ae/25e2e99ec51d984023ce65d4e364c1dd_venv/lib/python3.10/site-packages/gunicorn/app/wsgiapp.py", line 57, in load
    return self.load_wsgiapp()
  File "/www/wwwroot/smrealestate.ae/25e2e99ec51d984023ce65d4e364c1dd_venv/lib/python3.10/site-packages/gunicorn/app/wsgiapp.py", line 47, in load_wsgiapp
    return util.import_app(self.app_uri)
  File "/www/wwwroot/smrealestate.ae/25e2e99ec51d984023ce65d4e364c1dd_venv/lib/python3.10/site-packages/gunicorn/util.py", line 370, in import_app
    mod = importlib.import_module(module)
  File "/www/wwwroot/smrealestate.ae/25e2e99ec51d984023ce65d4e364c1dd_venv/lib/python3.10/importlib/__init__.py", line 126, in import_module
    return _bootstrap._gcd_import(name[level:], package, level)
  File "<frozen importlib._bootstrap>", line 1050, in _gcd_import
  File "<frozen importlib._bootstrap>", line 1027, in _find_and_load
  File "<frozen importlib._bootstrap>", line 992, in _find_and_load_unlocked
  File "<frozen importlib._bootstrap>", line 241, in _call_with_frames_removed
  File "<frozen importlib._bootstrap>", line 1050, in _gcd_import
  File "<frozen importlib._bootstrap>", line 1027, in _find_and_load
  File "<frozen importlib._bootstrap>", line 1004, in _find_and_load_unlocked
ModuleNotFoundError: No module named 'core'
[2025-06-26 07:50:36 +0000] [122927] [INFO] Worker exiting (pid: 122927)
[2025-06-26 07:50:36 +0000] [122924] [ERROR] Worker (pid:122927) exited with code 3
[2025-06-26 07:50:36 +0000] [122924] [ERROR] Shutting down: Master
[2025-06-26 07:50:36 +0000] [122924] [ERROR] Reason: Worker failed to boot.
[2025-06-26 07:50:37 +0000] [122939] [INFO] Starting gunicorn 23.0.0
[2025-06-26 07:50:37 +0000] [122939] [INFO] Listening at: http://0.0.0.0:9102 (122939)
[2025-06-26 07:50:37 +0000] [122939] [INFO] Using worker: geventwebsocket.gunicorn.workers.GeventWebSocketWorker
[2025-06-26 07:50:37 +0000] [122945] [INFO] Booting worker with pid: 122945
[2025-06-26 07:50:37 +0000] [122945] [ERROR] Exception in worker process
Traceback (most recent call last):
  File "/www/wwwroot/smrealestate.ae/25e2e99ec51d984023ce65d4e364c1dd_venv/lib/python3.10/site-packages/gunicorn/arbiter.py", line 608, in spawn_worker
    worker.init_process()
  File "/www/wwwroot/smrealestate.ae/25e2e99ec51d984023ce65d4e364c1dd_venv/lib/python3.10/site-packages/gunicorn/workers/ggevent.py", line 146, in init_process
    super().init_process()
  File "/www/wwwroot/smrealestate.ae/25e2e99ec51d984023ce65d4e364c1dd_venv/lib/python3.10/site-packages/gunicorn/workers/base.py", line 135, in init_process
    self.load_wsgi()
  File "/www/wwwroot/smrealestate.ae/25e2e99ec51d984023ce65d4e364c1dd_venv/lib/python3.10/site-packages/gunicorn/workers/base.py", line 147, in load_wsgi
    self.wsgi = self.app.wsgi()
  File "/www/wwwroot/smrealestate.ae/25e2e99ec51d984023ce65d4e364c1dd_venv/lib/python3.10/site-packages/gunicorn/app/base.py", line 66, in wsgi
    self.callable = self.load()
  File "/www/wwwroot/smrealestate.ae/25e2e99ec51d984023ce65d4e364c1dd_venv/lib/python3.10/site-packages/gunicorn/app/wsgiapp.py", line 57, in load
    return self.load_wsgiapp()
  File "/www/wwwroot/smrealestate.ae/25e2e99ec51d984023ce65d4e364c1dd_venv/lib/python3.10/site-packages/gunicorn/app/wsgiapp.py", line 47, in load_wsgiapp
    return util.import_app(self.app_uri)
  File "/www/wwwroot/smrealestate.ae/25e2e99ec51d984023ce65d4e364c1dd_venv/lib/python3.10/site-packages/gunicorn/util.py", line 370, in import_app
    mod = importlib.import_module(module)
  File "/www/wwwroot/smrealestate.ae/25e2e99ec51d984023ce65d4e364c1dd_venv/lib/python3.10/importlib/__init__.py", line 126, in import_module
    return _bootstrap._gcd_import(name[level:], package, level)
  File "<frozen importlib._bootstrap>", line 1050, in _gcd_import
  File "<frozen importlib._bootstrap>", line 1027, in _find_and_load
  File "<frozen importlib._bootstrap>", line 992, in _find_and_load_unlocked
  File "<frozen importlib._bootstrap>", line 241, in _call_with_frames_removed
  File "<frozen importlib._bootstrap>", line 1050, in _gcd_import
  File "<frozen importlib._bootstrap>", line 1027, in _find_and_load
  File "<frozen importlib._bootstrap>", line 1004, in _find_and_load_unlocked
ModuleNotFoundError: No module named 'core'
[2025-06-26 07:50:37 +0000] [122945] [INFO] Worker exiting (pid: 122945)
[2025-06-26 07:50:37 +0000] [122939] [ERROR] Worker (pid:122945) exited with code 3
[2025-06-26 07:50:37 +0000] [122939] [ERROR] Shutting down: Master
[2025-06-26 07:50:37 +0000] [122939] [ERROR] Reason: Worker failed to boot.
[2025-06-26 08:08:03 +0000] [127049] [INFO] Starting gunicorn 23.0.0
[2025-06-26 08:08:03 +0000] [127049] [INFO] Listening at: http://0.0.0.0:9102 (127049)
[2025-06-26 08:08:03 +0000] [127049] [INFO] Using worker: geventwebsocket.gunicorn.workers.GeventWebSocketWorker
[2025-06-26 08:08:03 +0000] [127052] [INFO] Booting worker with pid: 127052
[2025-06-26 08:08:03 +0000] [127052] [ERROR] Exception in worker process
Traceback (most recent call last):
  File "/www/wwwroot/smrealestate.ae/25e2e99ec51d984023ce65d4e364c1dd_venv/lib/python3.10/site-packages/gunicorn/arbiter.py", line 608, in spawn_worker
    worker.init_process()
  File "/www/wwwroot/smrealestate.ae/25e2e99ec51d984023ce65d4e364c1dd_venv/lib/python3.10/site-packages/gunicorn/workers/ggevent.py", line 146, in init_process
    super().init_process()
  File "/www/wwwroot/smrealestate.ae/25e2e99ec51d984023ce65d4e364c1dd_venv/lib/python3.10/site-packages/gunicorn/workers/base.py", line 135, in init_process
    self.load_wsgi()
  File "/www/wwwroot/smrealestate.ae/25e2e99ec51d984023ce65d4e364c1dd_venv/lib/python3.10/site-packages/gunicorn/workers/base.py", line 147, in load_wsgi
    self.wsgi = self.app.wsgi()
  File "/www/wwwroot/smrealestate.ae/25e2e99ec51d984023ce65d4e364c1dd_venv/lib/python3.10/site-packages/gunicorn/app/base.py", line 66, in wsgi
    self.callable = self.load()
  File "/www/wwwroot/smrealestate.ae/25e2e99ec51d984023ce65d4e364c1dd_venv/lib/python3.10/site-packages/gunicorn/app/wsgiapp.py", line 57, in load
    return self.load_wsgiapp()
  File "/www/wwwroot/smrealestate.ae/25e2e99ec51d984023ce65d4e364c1dd_venv/lib/python3.10/site-packages/gunicorn/app/wsgiapp.py", line 47, in load_wsgiapp
    return util.import_app(self.app_uri)
  File "/www/wwwroot/smrealestate.ae/25e2e99ec51d984023ce65d4e364c1dd_venv/lib/python3.10/site-packages/gunicorn/util.py", line 370, in import_app
    mod = importlib.import_module(module)
  File "/www/wwwroot/smrealestate.ae/25e2e99ec51d984023ce65d4e364c1dd_venv/lib/python3.10/importlib/__init__.py", line 126, in import_module
    return _bootstrap._gcd_import(name[level:], package, level)
  File "<frozen importlib._bootstrap>", line 1050, in _gcd_import
  File "<frozen importlib._bootstrap>", line 1027, in _find_and_load
  File "<frozen importlib._bootstrap>", line 992, in _find_and_load_unlocked
  File "<frozen importlib._bootstrap>", line 241, in _call_with_frames_removed
  File "<frozen importlib._bootstrap>", line 1050, in _gcd_import
  File "<frozen importlib._bootstrap>", line 1027, in _find_and_load
  File "<frozen importlib._bootstrap>", line 1004, in _find_and_load_unlocked
ModuleNotFoundError: No module named 'core'
[2025-06-26 08:08:03 +0000] [127052] [INFO] Worker exiting (pid: 127052)
[2025-06-26 08:08:03 +0000] [127054] [INFO] Starting gunicorn 23.0.0
[2025-06-26 08:08:03 +0000] [127049] [ERROR] Worker (pid:127052) exited with code 3
[2025-06-26 08:08:03 +0000] [127049] [ERROR] Shutting down: Master
[2025-06-26 08:08:03 +0000] [127049] [ERROR] Reason: Worker failed to boot.
[2025-06-26 08:08:04 +0000] [127070] [INFO] Starting gunicorn 23.0.0
[2025-06-26 08:08:04 +0000] [127070] [INFO] Listening at: http://0.0.0.0:9102 (127070)
[2025-06-26 08:08:04 +0000] [127070] [INFO] Using worker: geventwebsocket.gunicorn.workers.GeventWebSocketWorker
[2025-06-26 08:08:04 +0000] [127076] [INFO] Booting worker with pid: 127076
[2025-06-26 08:08:04 +0000] [127076] [ERROR] Exception in worker process
Traceback (most recent call last):
  File "/www/wwwroot/smrealestate.ae/25e2e99ec51d984023ce65d4e364c1dd_venv/lib/python3.10/site-packages/gunicorn/arbiter.py", line 608, in spawn_worker
    worker.init_process()
  File "/www/wwwroot/smrealestate.ae/25e2e99ec51d984023ce65d4e364c1dd_venv/lib/python3.10/site-packages/gunicorn/workers/ggevent.py", line 146, in init_process
    super().init_process()
  File "/www/wwwroot/smrealestate.ae/25e2e99ec51d984023ce65d4e364c1dd_venv/lib/python3.10/site-packages/gunicorn/workers/base.py", line 135, in init_process
    self.load_wsgi()
  File "/www/wwwroot/smrealestate.ae/25e2e99ec51d984023ce65d4e364c1dd_venv/lib/python3.10/site-packages/gunicorn/workers/base.py", line 147, in load_wsgi
    self.wsgi = self.app.wsgi()
  File "/www/wwwroot/smrealestate.ae/25e2e99ec51d984023ce65d4e364c1dd_venv/lib/python3.10/site-packages/gunicorn/app/base.py", line 66, in wsgi
    self.callable = self.load()
  File "/www/wwwroot/smrealestate.ae/25e2e99ec51d984023ce65d4e364c1dd_venv/lib/python3.10/site-packages/gunicorn/app/wsgiapp.py", line 57, in load
    return self.load_wsgiapp()
  File "/www/wwwroot/smrealestate.ae/25e2e99ec51d984023ce65d4e364c1dd_venv/lib/python3.10/site-packages/gunicorn/app/wsgiapp.py", line 47, in load_wsgiapp
    return util.import_app(self.app_uri)
  File "/www/wwwroot/smrealestate.ae/25e2e99ec51d984023ce65d4e364c1dd_venv/lib/python3.10/site-packages/gunicorn/util.py", line 370, in import_app
    mod = importlib.import_module(module)
  File "/www/wwwroot/smrealestate.ae/25e2e99ec51d984023ce65d4e364c1dd_venv/lib/python3.10/importlib/__init__.py", line 126, in import_module
    return _bootstrap._gcd_import(name[level:], package, level)
  File "<frozen importlib._bootstrap>", line 1050, in _gcd_import
  File "<frozen importlib._bootstrap>", line 1027, in _find_and_load
  File "<frozen importlib._bootstrap>", line 992, in _find_and_load_unlocked
  File "<frozen importlib._bootstrap>", line 241, in _call_with_frames_removed
  File "<frozen importlib._bootstrap>", line 1050, in _gcd_import
  File "<frozen importlib._bootstrap>", line 1027, in _find_and_load
  File "<frozen importlib._bootstrap>", line 1004, in _find_and_load_unlocked
ModuleNotFoundError: No module named 'core'
[2025-06-26 08:08:04 +0000] [127076] [INFO] Worker exiting (pid: 127076)
[2025-06-26 08:08:04 +0000] [127070] [ERROR] Worker (pid:127076) exited with code 3
[2025-06-26 08:08:04 +0000] [127070] [ERROR] Shutting down: Master
[2025-06-26 08:08:04 +0000] [127070] [ERROR] Reason: Worker failed to boot.
[2025-07-01 05:56:29 +0000] [2866119] [INFO] Starting gunicorn 23.0.0
[2025-07-01 05:56:29 +0000] [2866119] [ERROR] Connection in use: ('0.0.0.0', 9102)
[2025-07-01 05:56:29 +0000] [2866119] [ERROR] connection to ('0.0.0.0', 9102) failed: [Errno 98] Address already in use
[2025-07-01 05:56:30 +0000] [2866119] [ERROR] Connection in use: ('0.0.0.0', 9102)
[2025-07-01 05:56:30 +0000] [2866119] [ERROR] connection to ('0.0.0.0', 9102) failed: [Errno 98] Address already in use
[2025-07-01 05:56:31 +0000] [2866119] [ERROR] Connection in use: ('0.0.0.0', 9102)
[2025-07-01 05:56:31 +0000] [2866119] [ERROR] connection to ('0.0.0.0', 9102) failed: [Errno 98] Address already in use
[2025-07-01 05:56:32 +0000] [2866119] [ERROR] Connection in use: ('0.0.0.0', 9102)
[2025-07-01 05:56:32 +0000] [2866119] [ERROR] connection to ('0.0.0.0', 9102) failed: [Errno 98] Address already in use
[2025-07-01 05:56:33 +0000] [2866119] [ERROR] Connection in use: ('0.0.0.0', 9102)
[2025-07-01 05:56:33 +0000] [2866119] [ERROR] connection to ('0.0.0.0', 9102) failed: [Errno 98] Address already in use
[2025-07-01 05:56:34 +0000] [2866119] [ERROR] Can't connect to ('0.0.0.0', 9102)
[2025-07-01 05:56:59 +0000] [2866741] [INFO] Starting gunicorn 23.0.0
[2025-07-01 05:56:59 +0000] [2866741] [ERROR] Connection in use: ('0.0.0.0', 9102)
[2025-07-01 05:56:59 +0000] [2866741] [ERROR] connection to ('0.0.0.0', 9102) failed: [Errno 98] Address already in use
[2025-07-01 05:56:59 +0000] [2866746] [INFO] Starting gunicorn 23.0.0
[2025-07-01 05:57:00 +0000] [2866741] [ERROR] Connection in use: ('0.0.0.0', 9102)
[2025-07-01 05:57:00 +0000] [2866741] [ERROR] connection to ('0.0.0.0', 9102) failed: [Errno 98] Address already in use
[2025-07-01 05:57:01 +0000] [2866741] [ERROR] Connection in use: ('0.0.0.0', 9102)
[2025-07-01 05:57:01 +0000] [2866741] [ERROR] connection to ('0.0.0.0', 9102) failed: [Errno 98] Address already in use
[2025-07-01 05:57:02 +0000] [2866741] [ERROR] Connection in use: ('0.0.0.0', 9102)
[2025-07-01 05:57:02 +0000] [2866741] [ERROR] connection to ('0.0.0.0', 9102) failed: [Errno 98] Address already in use
[2025-07-01 05:57:03 +0000] [2866741] [ERROR] Connection in use: ('0.0.0.0', 9102)
[2025-07-01 05:57:03 +0000] [2866741] [ERROR] connection to ('0.0.0.0', 9102) failed: [Errno 98] Address already in use
[2025-07-01 05:57:04 +0000] [2866741] [ERROR] Can't connect to ('0.0.0.0', 9102)
[2025-07-01 06:00:10 +0000] [2870151] [INFO] Starting gunicorn 23.0.0
[2025-07-01 06:00:10 +0000] [2870151] [INFO] Listening at: http://0.0.0.0:9103 (2870151)
[2025-07-01 06:00:10 +0000] [2870151] [INFO] Using worker: geventwebsocket.gunicorn.workers.GeventWebSocketWorker
[2025-07-01 06:00:10 +0000] [2870159] [INFO] Booting worker with pid: 2870159
[2025-07-01 06:00:10 +0000] [2870159] [ERROR] Exception in worker process
Traceback (most recent call last):
  File "/www/wwwroot/smrealestate.ae/1b3231655cebb7a1f783eddf27d254ca_venv/lib/python3.10/site-packages/gunicorn/arbiter.py", line 608, in spawn_worker
    worker.init_process()
  File "/www/wwwroot/smrealestate.ae/1b3231655cebb7a1f783eddf27d254ca_venv/lib/python3.10/site-packages/gunicorn/workers/ggevent.py", line 146, in init_process
    super().init_process()
  File "/www/wwwroot/smrealestate.ae/1b3231655cebb7a1f783eddf27d254ca_venv/lib/python3.10/site-packages/gunicorn/workers/base.py", line 135, in init_process
    self.load_wsgi()
  File "/www/wwwroot/smrealestate.ae/1b3231655cebb7a1f783eddf27d254ca_venv/lib/python3.10/site-packages/gunicorn/workers/base.py", line 147, in load_wsgi
    self.wsgi = self.app.wsgi()
  File "/www/wwwroot/smrealestate.ae/1b3231655cebb7a1f783eddf27d254ca_venv/lib/python3.10/site-packages/gunicorn/app/base.py", line 66, in wsgi
    self.callable = self.load()
  File "/www/wwwroot/smrealestate.ae/1b3231655cebb7a1f783eddf27d254ca_venv/lib/python3.10/site-packages/gunicorn/app/wsgiapp.py", line 57, in load
    return self.load_wsgiapp()
  File "/www/wwwroot/smrealestate.ae/1b3231655cebb7a1f783eddf27d254ca_venv/lib/python3.10/site-packages/gunicorn/app/wsgiapp.py", line 47, in load_wsgiapp
    return util.import_app(self.app_uri)
  File "/www/wwwroot/smrealestate.ae/1b3231655cebb7a1f783eddf27d254ca_venv/lib/python3.10/site-packages/gunicorn/util.py", line 370, in import_app
    mod = importlib.import_module(module)
  File "/www/wwwroot/smrealestate.ae/1b3231655cebb7a1f783eddf27d254ca_venv/lib/python3.10/importlib/__init__.py", line 126, in import_module
    return _bootstrap._gcd_import(name[level:], package, level)
  File "<frozen importlib._bootstrap>", line 1050, in _gcd_import
  File "<frozen importlib._bootstrap>", line 1027, in _find_and_load
  File "<frozen importlib._bootstrap>", line 992, in _find_and_load_unlocked
  File "<frozen importlib._bootstrap>", line 241, in _call_with_frames_removed
  File "<frozen importlib._bootstrap>", line 1050, in _gcd_import
  File "<frozen importlib._bootstrap>", line 1027, in _find_and_load
  File "<frozen importlib._bootstrap>", line 1004, in _find_and_load_unlocked
ModuleNotFoundError: No module named 'core'
[2025-07-01 06:00:10 +0000] [2870159] [INFO] Worker exiting (pid: 2870159)
[2025-07-01 06:00:10 +0000] [2870162] [INFO] Starting gunicorn 23.0.0
[2025-07-01 06:00:10 +0000] [2870151] [ERROR] Worker (pid:2870159) exited with code 3
[2025-07-01 06:00:10 +0000] [2870151] [ERROR] Shutting down: Master
[2025-07-01 06:00:10 +0000] [2870151] [ERROR] Reason: Worker failed to boot.
[2025-07-01 06:00:11 +0000] [2870187] [INFO] Starting gunicorn 23.0.0
[2025-07-01 06:00:11 +0000] [2870187] [INFO] Listening at: http://0.0.0.0:9103 (2870187)
[2025-07-01 06:00:11 +0000] [2870187] [INFO] Using worker: geventwebsocket.gunicorn.workers.GeventWebSocketWorker
[2025-07-01 06:00:11 +0000] [2870195] [INFO] Booting worker with pid: 2870195
[2025-07-01 06:00:11 +0000] [2870195] [ERROR] Exception in worker process
Traceback (most recent call last):
  File "/www/wwwroot/smrealestate.ae/1b3231655cebb7a1f783eddf27d254ca_venv/lib/python3.10/site-packages/gunicorn/arbiter.py", line 608, in spawn_worker
    worker.init_process()
  File "/www/wwwroot/smrealestate.ae/1b3231655cebb7a1f783eddf27d254ca_venv/lib/python3.10/site-packages/gunicorn/workers/ggevent.py", line 146, in init_process
    super().init_process()
  File "/www/wwwroot/smrealestate.ae/1b3231655cebb7a1f783eddf27d254ca_venv/lib/python3.10/site-packages/gunicorn/workers/base.py", line 135, in init_process
    self.load_wsgi()
  File "/www/wwwroot/smrealestate.ae/1b3231655cebb7a1f783eddf27d254ca_venv/lib/python3.10/site-packages/gunicorn/workers/base.py", line 147, in load_wsgi
    self.wsgi = self.app.wsgi()
  File "/www/wwwroot/smrealestate.ae/1b3231655cebb7a1f783eddf27d254ca_venv/lib/python3.10/site-packages/gunicorn/app/base.py", line 66, in wsgi
    self.callable = self.load()
  File "/www/wwwroot/smrealestate.ae/1b3231655cebb7a1f783eddf27d254ca_venv/lib/python3.10/site-packages/gunicorn/app/wsgiapp.py", line 57, in load
    return self.load_wsgiapp()
  File "/www/wwwroot/smrealestate.ae/1b3231655cebb7a1f783eddf27d254ca_venv/lib/python3.10/site-packages/gunicorn/app/wsgiapp.py", line 47, in load_wsgiapp
    return util.import_app(self.app_uri)
  File "/www/wwwroot/smrealestate.ae/1b3231655cebb7a1f783eddf27d254ca_venv/lib/python3.10/site-packages/gunicorn/util.py", line 370, in import_app
    mod = importlib.import_module(module)
  File "/www/wwwroot/smrealestate.ae/1b3231655cebb7a1f783eddf27d254ca_venv/lib/python3.10/importlib/__init__.py", line 126, in import_module
    return _bootstrap._gcd_import(name[level:], package, level)
  File "<frozen importlib._bootstrap>", line 1050, in _gcd_import
  File "<frozen importlib._bootstrap>", line 1027, in _find_and_load
  File "<frozen importlib._bootstrap>", line 992, in _find_and_load_unlocked
  File "<frozen importlib._bootstrap>", line 241, in _call_with_frames_removed
  File "<frozen importlib._bootstrap>", line 1050, in _gcd_import
  File "<frozen importlib._bootstrap>", line 1027, in _find_and_load
  File "<frozen importlib._bootstrap>", line 1004, in _find_and_load_unlocked
ModuleNotFoundError: No module named 'core'
[2025-07-01 06:00:11 +0000] [2870195] [INFO] Worker exiting (pid: 2870195)
[2025-07-01 06:00:11 +0000] [2870187] [ERROR] Worker (pid:2870195) exited with code 3
[2025-07-01 06:00:11 +0000] [2870187] [ERROR] Shutting down: Master
[2025-07-01 06:00:11 +0000] [2870187] [ERROR] Reason: Worker failed to boot.
